# JRE version: Java(TM) SE Runtime Environment (8.0_171-b11) (build 1.8.0_171-b11)
# Java VM: Java HotSpot(TM) 64-Bit Server VM (25.171-b11 mixed mode windows-amd64 compressed oops)
Heap:
 PSYoungGen      total 307200K, used 243856K [0x00000000d5900000, 0x00000000efd80000, 0x0000000100000000)
  eden space 291840K, 80% used [0x00000000d5900000,0x00000000e3d3bbc0,0x00000000e7600000)
  from space 15360K, 66% used [0x00000000e7600000,0x00000000e7fe84c0,0x00000000e8500000)
  to   space 15360K, 0% used [0x00000000eee80000,0x00000000eee80000,0x00000000efd80000)
 ParOldGen       total 73216K, used 19423K [0x0000000080a00000, 0x0000000085180000, 0x00000000d5900000)
  object space 73216K, 26% used [0x0000000080a00000,0x0000000081cf7d10,0x0000000085180000)
 Metaspace       used 46593K, capacity 47890K, committed 48216K, reserved 1091584K
  class space    used 5962K, capacity 6215K, committed 6272K, reserved 1048576K
GC Heap History (10 events):
Event: 6.569 GC heap before
{Heap before GC invocations=9 (full 1):
 PSYoungGen      total 140288K, used 140268K [0x00000000d5900000, 0x00000000e3980000, 0x0000000100000000)
  eden space 131072K, 100% used [0x00000000d5900000,0x00000000dd900000,0x00000000dd900000)
  from space 9216K, 99% used [0x00000000dd900000,0x00000000de1fb220,0x00000000de200000)
  to   space 11776K, 0% used [0x00000000e2e00000,0x00000000e2e00000,0x00000000e3980000)
 ParOldGen       total 51712K, used 11184K [0x0000000080a00000, 0x0000000083c80000, 0x00000000d5900000)
  object space 51712K, 21% used [0x0000000080a00000,0x00000000814ec098,0x0000000083c80000)
 Metaspace       used 33281K, capacity 34506K, committed 34560K, reserved 1079296K
  class space    used 4329K, capacity 4595K, committed 4608K, reserved 1048576K
Event: 6.588 GC heap after
Heap after GC invocations=9 (full 1):
 PSYoungGen      total 216064K, used 11748K [0x00000000d5900000, 0x00000000e4e80000, 0x0000000100000000)
  eden space 204288K, 0% used [0x00000000d5900000,0x00000000d5900000,0x00000000e2080000)
  from space 11776K, 99% used [0x00000000e2e00000,0x00000000e3979040,0x00000000e3980000)
  to   space 13824K, 0% used [0x00000000e2080000,0x00000000e2080000,0x00000000e2e00000)
 ParOldGen       total 51712K, used 12658K [0x0000000080a00000, 0x0000000083c80000, 0x00000000d5900000)
  object space 51712K, 24% used [0x0000000080a00000,0x000000008165c940,0x0000000083c80000)
 Metaspace       used 33281K, capacity 34506K, committed 34560K, reserved 1079296K
  class space    used 4329K, capacity 4595K, committed 4608K, reserved 1048576K
}
Event: 6.880 GC heap before
{Heap before GC invocations=10 (full 1):
 PSYoungGen      total 216064K, used 68397K [0x00000000d5900000, 0x00000000e4e80000, 0x0000000100000000)
  eden space 204288K, 27% used [0x00000000d5900000,0x00000000d90525a8,0x00000000e2080000)
  from space 11776K, 99% used [0x00000000e2e00000,0x00000000e3979040,0x00000000e3980000)
  to   space 13824K, 0% used [0x00000000e2080000,0x00000000e2080000,0x00000000e2e00000)
 ParOldGen       total 51712K, used 12658K [0x0000000080a00000, 0x0000000083c80000, 0x00000000d5900000)
  object space 51712K, 24% used [0x0000000080a00000,0x000000008165c940,0x0000000083c80000)
 Metaspace       used 34189K, capacity 35380K, committed 35416K, reserved 1079296K
  class space    used 4458K, capacity 4732K, committed 4736K, reserved 1048576K
Event: 6.915 GC heap after
Heap after GC invocations=10 (full 1):
 PSYoungGen      total 218112K, used 11723K [0x00000000d5900000, 0x00000000ea100000, 0x0000000100000000)
  eden space 204288K, 0% used [0x00000000d5900000,0x00000000d5900000,0x00000000e2080000)
  from space 13824K, 84% used [0x00000000e2080000,0x00000000e2bf2e78,0x00000000e2e00000)
  to   space 14848K, 0% used [0x00000000e9280000,0x00000000e9280000,0x00000000ea100000)
 ParOldGen       total 51712K, used 15190K [0x0000000080a00000, 0x0000000083c80000, 0x00000000d5900000)
  object space 51712K, 29% used [0x0000000080a00000,0x00000000818d5990,0x0000000083c80000)
 Metaspace       used 34189K, capacity 35380K, committed 35416K, reserved 1079296K
  class space    used 4458K, capacity 4732K, committed 4736K, reserved 1048576K
}
Event: 6.915 GC heap before
{Heap before GC invocations=11 (full 2):
 PSYoungGen      total 218112K, used 11723K [0x00000000d5900000, 0x00000000ea100000, 0x0000000100000000)
  eden space 204288K, 0% used [0x00000000d5900000,0x00000000d5900000,0x00000000e2080000)
  from space 13824K, 84% used [0x00000000e2080000,0x00000000e2bf2e78,0x00000000e2e00000)
  to   space 14848K, 0% used [0x00000000e9280000,0x00000000e9280000,0x00000000ea100000)
 ParOldGen       total 51712K, used 15190K [0x0000000080a00000, 0x0000000083c80000, 0x00000000d5900000)
  object space 51712K, 29% used [0x0000000080a00000,0x00000000818d5990,0x0000000083c80000)
 Metaspace       used 34189K, capacity 35380K, committed 35416K, reserved 1079296K
  class space    used 4458K, capacity 4732K, committed 4736K, reserved 1048576K
Event: 7.003 GC heap after
Heap after GC invocations=11 (full 2):
 PSYoungGen      total 218112K, used 0K [0x00000000d5900000, 0x00000000ea100000, 0x0000000100000000)
  eden space 204288K, 0% used [0x00000000d5900000,0x00000000d5900000,0x00000000e2080000)
  from space 13824K, 0% used [0x00000000e2080000,0x00000000e2080000,0x00000000e2e00000)
  to   space 14848K, 0% used [0x00000000e9280000,0x00000000e9280000,0x00000000ea100000)
 ParOldGen       total 73216K, used 19034K [0x0000000080a00000, 0x0000000085180000, 0x00000000d5900000)
  object space 73216K, 25% used [0x0000000080a00000,0x0000000081c96938,0x0000000085180000)
 Metaspace       used 34189K, capacity 35380K, committed 35416K, reserved 1079296K
  class space    used 4458K, capacity 4732K, committed 4736K, reserved 1048576K
}
Event: 8.879 GC heap before
{Heap before GC invocations=12 (full 2):
 PSYoungGen      total 218112K, used 204288K [0x00000000d5900000, 0x00000000ea100000, 0x0000000100000000)
  eden space 204288K, 100% used [0x00000000d5900000,0x00000000e2080000,0x00000000e2080000)
  from space 13824K, 0% used [0x00000000e2080000,0x00000000e2080000,0x00000000e2e00000)
  to   space 14848K, 0% used [0x00000000e9280000,0x00000000e9280000,0x00000000ea100000)
 ParOldGen       total 73216K, used 19034K [0x0000000080a00000, 0x0000000085180000, 0x00000000d5900000)
  object space 73216K, 25% used [0x0000000080a00000,0x0000000081c96938,0x0000000085180000)
 Metaspace       used 34965K, capacity 36186K, committed 36312K, reserved 1081344K
  class space    used 4553K, capacity 4829K, committed 4864K, reserved 1048576K
Event: 8.883 GC heap after
Heap after GC invocations=12 (full 2):
 PSYoungGen      total 290816K, used 1520K [0x00000000d5900000, 0x00000000e9400000, 0x0000000100000000)
  eden space 289280K, 0% used [0x00000000d5900000,0x00000000d5900000,0x00000000e7380000)
  from space 1536K, 98% used [0x00000000e9280000,0x00000000e93fc268,0x00000000e9400000)
  to   space 15360K, 0% used [0x00000000e7600000,0x00000000e7600000,0x00000000e8500000)
 ParOldGen       total 73216K, used 19042K [0x0000000080a00000, 0x0000000085180000, 0x00000000d5900000)
  object space 73216K, 26% used [0x0000000080a00000,0x0000000081c98938,0x0000000085180000)
 Metaspace       used 34965K, capacity 36186K, committed 36312K, reserved 1081344K
  class space    used 4553K, capacity 4829K, committed 4864K, reserved 1048576K
}
Event: 11.387 GC heap before
{Heap before GC invocations=13 (full 2):
 PSYoungGen      total 290816K, used 290800K [0x00000000d5900000, 0x00000000e9400000, 0x0000000100000000)
  eden space 289280K, 100% used [0x00000000d5900000,0x00000000e7380000,0x00000000e7380000)
  from space 1536K, 98% used [0x00000000e9280000,0x00000000e93fc268,0x00000000e9400000)
  to   space 15360K, 0% used [0x00000000e7600000,0x00000000e7600000,0x00000000e8500000)
 ParOldGen       total 73216K, used 19042K [0x0000000080a00000, 0x0000000085180000, 0x00000000d5900000)
  object space 73216K, 26% used [0x0000000080a00000,0x0000000081c98938,0x0000000085180000)
 Metaspace       used 41797K, capacity 43080K, committed 43352K, reserved 1087488K
  class space    used 5368K, capacity 5650K, committed 5760K, reserved 1048576K
Event: 11.399 GC heap after
Heap after GC invocations=13 (full 2):
 PSYoungGen      total 307200K, used 10145K [0x00000000d5900000, 0x00000000efd80000, 0x0000000100000000)
  eden space 291840K, 0% used [0x00000000d5900000,0x00000000d5900000,0x00000000e7600000)
  from space 15360K, 66% used [0x00000000e7600000,0x00000000e7fe84c0,0x00000000e8500000)
  to   space 15360K, 0% used [0x00000000eee80000,0x00000000eee80000,0x00000000efd80000)
 ParOldGen       total 73216K, used 19423K [0x0000000080a00000, 0x0000000085180000, 0x00000000d5900000)
  object space 73216K, 26% used [0x0000000080a00000,0x0000000081cf7d10,0x0000000085180000)
 Metaspace       used 41797K, capacity 43080K, committed 43352K, reserved 1087488K
  class space    used 5368K, capacity 5650K, committed 5760K, reserved 1048576K
}

